<?xml version="1.0" encoding="UTF-8"?>
<robot generator="Robot 5.0.1 (Python 3.10.5 on win32)" generated="20220809 15:32:15.649" rpa="false" schemaversion="3">
<suite id="s1" name="Robot Interactive Console" source="c:\Users\swapn\.vscode\extensions\robocorp.robotframework-lsp-0.49.0\src\robotframework_ls\vendored\robotframework_interactive\robot_interactive_console.robot">
<test id="s1-t1" name="Default Task/Test" line="5">
<kw name="Interpreter Main Loop" library="MainLoop">
<status status="PASS" starttime="20220809 15:32:15.680" endtime="20220809 15:33:26.132"/>
</kw>
<status status="PASS" starttime="20220809 15:32:15.679" endtime="20220809 15:33:26.132"/>
</test>
<status status="PASS" starttime="20220809 15:32:15.651" endtime="20220809 15:33:26.135"/>
</suite>
<statistics>
<total>
<stat pass="1" fail="0" skip="0">All Tests</stat>
</total>
<tag>
</tag>
<suite>
<stat pass="1" fail="0" skip="0" id="s1" name="Robot Interactive Console">Robot Interactive Console</stat>
</suite>
</statistics>
<errors>
</errors>
</robot>
