<?xml version="1.0" encoding="UTF-8"?>
<robot generator="Robot 5.0.1 (Python 3.10.5 on win32)" generated="20220905 09:26:06.254" rpa="false" schemaversion="3">
<suite id="s1" name="ValidUser" source="c:\Users\swapn\kkjs\Robot Framework\Test case\ValidUser.robot">
<test id="s1-t1" name="TC_002_Varify_Succefull login" line="11">
<kw name="OpenWebsite" library="commen" type="SETUP">
<doc>Method for Open Browser</doc>
<kw name="Open Browser" library="SeleniumLibrary">
<arg>${url}</arg>
<arg>${browser}</arg>
<doc>Opens a new browser instance to the optional ``url``.</doc>
<msg timestamp="20220905 09:26:07.995" level="INFO">Opening browser 'chrome' to base url 'https://www.demoblaze.com/index.html'.</msg>
<status status="PASS" starttime="20220905 09:26:07.993" endtime="20220905 09:26:13.997"/>
</kw>
<kw name="Maximize Browser Window" library="SeleniumLibrary">
<doc>Maximizes current browser window.</doc>
<status status="PASS" starttime="20220905 09:26:13.997" endtime="20220905 09:26:14.164"/>
</kw>
<kw name="Wait Until Element Is Visible" library="SeleniumLibrary">
<arg>id:nava</arg>
<arg>timeout=5</arg>
<doc>Waits until the element ``locator`` is visible.</doc>
<status status="PASS" starttime="20220905 09:26:14.164" endtime="20220905 09:26:14.294"/>
</kw>
<status status="PASS" starttime="20220905 09:26:07.993" endtime="20220905 09:26:14.295"/>
</kw>
<kw name="valid_log">
<arg>${orguname}</arg>
<arg>${orgpass}</arg>
<doc>This is the test case for valid login.</doc>
<kw name="Set Selenium Speed" library="SeleniumLibrary">
<arg>1</arg>
<doc>Sets the delay that is waited after each Selenium command.</doc>
<status status="PASS" starttime="20220905 09:26:14.296" endtime="20220905 09:26:14.296"/>
</kw>
<kw name="LoginItem" library="commen">
<doc>Method for Login click.</doc>
<kw name="Click Element" library="SeleniumLibrary">
<arg>id:${logid}</arg>
<doc>Click the element identified by ``locator``.</doc>
<msg timestamp="20220905 09:26:14.296" level="INFO">Clicking element 'id:login2'.</msg>
<status status="PASS" starttime="20220905 09:26:14.296" endtime="20220905 09:26:16.691"/>
</kw>
<kw name="Wait Until Element Is Visible" library="SeleniumLibrary">
<arg>id:logInModalLabel</arg>
<doc>Waits until the element ``locator`` is visible.</doc>
<status status="PASS" starttime="20220905 09:26:16.691" endtime="20220905 09:26:18.736"/>
</kw>
<kw name="Page Should Contain" library="SeleniumLibrary">
<arg>${text1}</arg>
<doc>Verifies that current page contains ``text``.</doc>
<msg timestamp="20220905 09:26:20.777" level="INFO">Current page contains text 'Log in'.</msg>
<status status="PASS" starttime="20220905 09:26:18.736" endtime="20220905 09:26:20.777"/>
</kw>
<status status="PASS" starttime="20220905 09:26:14.296" endtime="20220905 09:26:20.777"/>
</kw>
<kw name="InputUsername" library="commen">
<arg>${uname}</arg>
<doc>Method for entering User Name.</doc>
<kw name="Input Text" library="SeleniumLibrary">
<arg>id:loginusername</arg>
<arg>${uname}</arg>
<doc>Types the given ``text`` into the text field identified by ``locator``.</doc>
<msg timestamp="20220905 09:26:20.779" level="INFO">Typing text 'northenwavestech@gmail.com' into text field 'id:loginusername'.</msg>
<status status="PASS" starttime="20220905 09:26:20.778" endtime="20220905 09:26:24.012"/>
</kw>
<status status="PASS" starttime="20220905 09:26:20.777" endtime="20220905 09:26:24.013"/>
</kw>
<kw name="input_P" library="commen">
<arg>${pass}</arg>
<doc>Method for entering Password.</doc>
<kw name="Input Text" library="SeleniumLibrary">
<arg>id:loginpassword</arg>
<arg>${pass}</arg>
<doc>Types the given ``text`` into the text field identified by ``locator``.</doc>
<msg timestamp="20220905 09:26:24.014" level="INFO">Typing text 'admin' into text field 'id:loginpassword'.</msg>
<status status="PASS" starttime="20220905 09:26:24.014" endtime="20220905 09:26:27.552"/>
</kw>
<status status="PASS" starttime="20220905 09:26:24.013" endtime="20220905 09:26:27.552"/>
</kw>
<kw name="ClickLogin" library="commen">
<doc>Method for Login button click.</doc>
<kw name="Click Button" library="SeleniumLibrary">
<arg>Log in</arg>
<doc>Clicks the button identified by ``locator``.</doc>
<msg timestamp="20220905 09:26:27.553" level="INFO">Clicking button 'Log in'.</msg>
<status status="PASS" starttime="20220905 09:26:27.553" endtime="20220905 09:26:31.669"/>
</kw>
<status status="PASS" starttime="20220905 09:26:27.552" endtime="20220905 09:26:31.670"/>
</kw>
<kw name="Successful login Messege" library="commen">
<arg>${uname}</arg>
<kw name="Page Should Contain" library="SeleniumLibrary">
<arg>Welcome ${uname}</arg>
<doc>Verifies that current page contains ``text``.</doc>
<msg timestamp="20220905 09:26:34.109" level="INFO">Current page contains text 'Welcome northenwavestech@gmail.com'.</msg>
<status status="PASS" starttime="20220905 09:26:31.672" endtime="20220905 09:26:34.109"/>
</kw>
<status status="PASS" starttime="20220905 09:26:31.670" endtime="20220905 09:26:34.109"/>
</kw>
<kw name="ClickLogout" library="commen">
<doc>Method for clicking Log Out.</doc>
<kw name="Click Link" library="SeleniumLibrary">
<arg>id:logout2</arg>
<doc>Clicks a link identified by ``locator``.</doc>
<msg timestamp="20220905 09:26:34.110" level="INFO">Clicking link 'id:logout2'.</msg>
<status status="PASS" starttime="20220905 09:26:34.110" endtime="20220905 09:26:37.342"/>
</kw>
<status status="PASS" starttime="20220905 09:26:34.109" endtime="20220905 09:26:37.342"/>
</kw>
<status status="PASS" starttime="20220905 09:26:14.295" endtime="20220905 09:26:37.342"/>
</kw>
<kw name="CloseWebsite" library="commen" type="TEARDOWN">
<doc>Method for Close browser.</doc>
<kw name="Close Browser" library="SeleniumLibrary">
<doc>Closes the current browser.</doc>
<status status="PASS" starttime="20220905 09:26:37.345" endtime="20220905 09:26:40.784"/>
</kw>
<status status="PASS" starttime="20220905 09:26:37.342" endtime="20220905 09:26:40.784"/>
</kw>
<status status="PASS" starttime="20220905 09:26:07.991" endtime="20220905 09:26:40.784"/>
</test>
<status status="PASS" starttime="20220905 09:26:06.254" endtime="20220905 09:26:40.789"/>
</suite>
<statistics>
<total>
<stat pass="1" fail="0" skip="0">All Tests</stat>
</total>
<tag>
</tag>
<suite>
<stat pass="1" fail="0" skip="0" id="s1" name="ValidUser">ValidUser</stat>
</suite>
</statistics>
<errors>
</errors>
</robot>
